Using pre-set license
Built from '2020.2/release' branch; Version is '2020.2.4f1 (becced5a802b) revision 12504301'; Using compiler version '192528614'; Build Type 'Release'
OS: 'Windows 10 Pro; OS build 22631.4890; Version 2009; 64bit' Language: 'es' Physical Memory: 16085 MB
BatchMode: 1, IsHumanControllingUs: 0, StartBugReporterOnCrash: 0, Is64bit: 1, IsPro: 0

 COMMAND LINE ARGUMENTS:
C:\Program Files\Unity\Hub\Editor\2020.2.4f1\Editor\Unity.exe
-adb2
-batchMode
-noUpm
-name
AssetImportWorker0
-projectPath
C:/Users/adria/OneDrive/Escritorio/Rollaball
-logFile
Logs/AssetImportWorker0.log
-srvPort
51274
Successfully changed project path to: C:/Users/adria/OneDrive/Escritorio/Rollaball
C:/Users/adria/OneDrive/Escritorio/Rollaball
Using Asset Import Pipeline V2.
Refreshing native plugins compatible for Editor in 19.92 ms, found 0 plugins.
Preloading 0 native plugins for Editor in 0.00 ms.
Initialize engine version: 2020.2.4f1 (becced5a802b)
[Subsystems] Discovering subsystems at path C:/Program Files/Unity/Hub/Editor/2020.2.4f1/Editor/Data/Resources/UnitySubsystems
[Subsystems] Discovering subsystems at path C:/Users/adria/OneDrive/Escritorio/Rollaball/Assets
GfxDevice: creating device client; threaded=0
Direct3D:
    Version:  Direct3D 11.0 [level 11.1]
    Renderer: NVIDIA GeForce RTX 3050 Laptop GPU (ID=0x25a2)
    Vendor:   
    VRAM:     3965 MB
    Driver:   32.0.15.5599
Initialize mono
Mono path[0] = 'C:/Program Files/Unity/Hub/Editor/2020.2.4f1/Editor/Data/Managed'
Mono path[1] = 'C:/Program Files/Unity/Hub/Editor/2020.2.4f1/Editor/Data/MonoBleedingEdge/lib/mono/unityjit'
Mono config path = 'C:/Program Files/Unity/Hub/Editor/2020.2.4f1/Editor/Data/MonoBleedingEdge/etc'
Using monoOptions --debugger-agent=transport=dt_socket,embedding=1,server=y,suspend=n,address=127.0.0.1:56872
Begin MonoManager ReloadAssembly
Registering precompiled unity dll's ...
Register platform support module: C:/Program Files/Unity/Hub/Editor/2020.2.4f1/Editor/Data/PlaybackEngines/WindowsStandaloneSupport/UnityEditor.WindowsStandalone.Extensions.dll
Registered in 0.001105 seconds.
Native extension for WindowsStandalone target not found
Refreshing native plugins compatible for Editor in 21.27 ms, found 0 plugins.
Preloading 0 native plugins for Editor in 0.00 ms.
Invoked RoslynAnalysisRunner static constructor.
RoslynAnalysisRunner will not be running.
RoslynAnalysisRunner has terminated.
Mono: successfully reloaded assembly
- Completed reload, in  0.725 seconds
Platform modules already initialized, skipping
Registering precompiled user dll's ...
Registered in 0.000571 seconds.
Begin MonoManager ReloadAssembly
Native extension for WindowsStandalone target not found
Refreshing native plugins compatible for Editor in 20.55 ms, found 0 plugins.
Preloading 0 native plugins for Editor in 0.00 ms.
Invoked RoslynAnalysisRunner static constructor.
RoslynAnalysisRunner will not be running.
RoslynAnalysisRunner has terminated.
Mono: successfully reloaded assembly
- Completed reload, in  0.626 seconds
Platform modules already initialized, skipping
========================================================================
Worker process is ready to serve import requests
Launched and connected shader compiler UnityShaderCompiler.exe after 0.03 seconds
Refreshing native plugins compatible for Editor in 0.22 ms, found 0 plugins.
Preloading 0 native plugins for Editor in 0.00 ms.
Unloading 1401 Unused Serialized files (Serialized files now loaded: 0)
System memory in use before: 67.0 MB.
System memory in use after: 67.1 MB.

Unloading 11 unused Assets to reduce memory usage. Loaded Objects now: 1845.
Total: 1.902300 ms (FindLiveObjects: 0.242500 ms CreateObjectMapping: 0.059600 ms MarkObjects: 1.515900 ms  DeleteObjects: 0.083500 ms)

========================================================================
Received Import Request.
  path: Assets/Scripts/PlayerController.cs
  artifactKey: Guid(d9b2825a868012249acbbee013a7ecf6) Importer(815301076,1909f56bfc062723c751e8b465ee728b)
Start importing Assets/Scripts/PlayerController.cs using Guid(d9b2825a868012249acbbee013a7ecf6) Importer(815301076,1909f56bfc062723c751e8b465ee728b)  -> (artifact id: 'cef5eba2d19c6a3881011a26e851f6df') in 0.026470 seconds
  Import took 0.029020 seconds .

========================================================================
Received Prepare
Registering precompiled user dll's ...
Registered in 0.000688 seconds.
Begin MonoManager ReloadAssembly
Native extension for WindowsStandalone target not found
Refreshing native plugins compatible for Editor in 0.26 ms, found 0 plugins.
Preloading 0 native plugins for Editor in 0.00 ms.
Invoked RoslynAnalysisRunner static constructor.
RoslynAnalysisRunner will not be running.
RoslynAnalysisRunner has terminated.
Mono: successfully reloaded assembly
- Completed reload, in  0.696 seconds
Platform modules already initialized, skipping
Refreshing native plugins compatible for Editor in 0.30 ms, found 0 plugins.
Preloading 0 native plugins for Editor in 0.00 ms.
Unloading 1395 Unused Serialized files (Serialized files now loaded: 0)
System memory in use before: 67.0 MB.
System memory in use after: 67.1 MB.

Unloading 4 unused Assets to reduce memory usage. Loaded Objects now: 1847.
Total: 2.383200 ms (FindLiveObjects: 0.163000 ms CreateObjectMapping: 0.027700 ms MarkObjects: 2.093200 ms  DeleteObjects: 0.097100 ms)

========================================================================
Received Import Request.
  Time since last request: 124.832430 seconds.
  path: Assets/Scripts/PlayerController.cs
  artifactKey: Guid(d9b2825a868012249acbbee013a7ecf6) Importer(815301076,1909f56bfc062723c751e8b465ee728b)
Start importing Assets/Scripts/PlayerController.cs using Guid(d9b2825a868012249acbbee013a7ecf6) Importer(815301076,1909f56bfc062723c751e8b465ee728b)  -> (artifact id: '05d21a746adddbcc7be6f5261fa35f09') in 0.011872 seconds
  Import took 0.017398 seconds .

========================================================================
Received Prepare
Registering precompiled user dll's ...
Registered in 0.000499 seconds.
Begin MonoManager ReloadAssembly
Native extension for WindowsStandalone target not found
Refreshing native plugins compatible for Editor in 0.23 ms, found 0 plugins.
Preloading 0 native plugins for Editor in 0.00 ms.
Invoked RoslynAnalysisRunner static constructor.
RoslynAnalysisRunner will not be running.
RoslynAnalysisRunner has terminated.
Mono: successfully reloaded assembly
- Completed reload, in  0.603 seconds
Platform modules already initialized, skipping
Refreshing native plugins compatible for Editor in 0.22 ms, found 0 plugins.
Preloading 0 native plugins for Editor in 0.00 ms.
Unloading 1395 Unused Serialized files (Serialized files now loaded: 0)
System memory in use before: 67.0 MB.
System memory in use after: 67.1 MB.

Unloading 4 unused Assets to reduce memory usage. Loaded Objects now: 1849.
Total: 1.441100 ms (FindLiveObjects: 0.109700 ms CreateObjectMapping: 0.024100 ms MarkObjects: 1.291800 ms  DeleteObjects: 0.014200 ms)

========================================================================
Received Prepare
Registering precompiled user dll's ...
Registered in 0.000570 seconds.
Begin MonoManager ReloadAssembly
Native extension for WindowsStandalone target not found
Refreshing native plugins compatible for Editor in 0.25 ms, found 0 plugins.
Preloading 0 native plugins for Editor in 0.00 ms.
Invoked RoslynAnalysisRunner static constructor.
RoslynAnalysisRunner will not be running.
RoslynAnalysisRunner has terminated.
Mono: successfully reloaded assembly
- Completed reload, in  0.594 seconds
Platform modules already initialized, skipping
Refreshing native plugins compatible for Editor in 0.22 ms, found 0 plugins.
Preloading 0 native plugins for Editor in 0.00 ms.
Unloading 1395 Unused Serialized files (Serialized files now loaded: 0)
System memory in use before: 67.1 MB.
System memory in use after: 67.2 MB.

Unloading 4 unused Assets to reduce memory usage. Loaded Objects now: 1851.
Total: 1.605100 ms (FindLiveObjects: 0.147300 ms CreateObjectMapping: 0.030100 ms MarkObjects: 1.398800 ms  DeleteObjects: 0.027900 ms)

========================================================================
Received Prepare
Registering precompiled user dll's ...
Registered in 0.000688 seconds.
Begin MonoManager ReloadAssembly
Native extension for WindowsStandalone target not found
Refreshing native plugins compatible for Editor in 0.33 ms, found 0 plugins.
Preloading 0 native plugins for Editor in 0.00 ms.
Invoked RoslynAnalysisRunner static constructor.
RoslynAnalysisRunner will not be running.
RoslynAnalysisRunner has terminated.
Mono: successfully reloaded assembly
- Completed reload, in  0.675 seconds
Platform modules already initialized, skipping
Refreshing native plugins compatible for Editor in 0.30 ms, found 0 plugins.
Preloading 0 native plugins for Editor in 0.00 ms.
Unloading 1395 Unused Serialized files (Serialized files now loaded: 0)
System memory in use before: 67.1 MB.
System memory in use after: 67.2 MB.

Unloading 4 unused Assets to reduce memory usage. Loaded Objects now: 1853.
Total: 4.411100 ms (FindLiveObjects: 0.164300 ms CreateObjectMapping: 0.029700 ms MarkObjects: 4.144700 ms  DeleteObjects: 0.068900 ms)

========================================================================
Received Prepare
Registering precompiled user dll's ...
Registered in 0.000541 seconds.
Begin MonoManager ReloadAssembly
Native extension for WindowsStandalone target not found
Refreshing native plugins compatible for Editor in 0.29 ms, found 0 plugins.
Preloading 0 native plugins for Editor in 0.00 ms.
Invoked RoslynAnalysisRunner static constructor.
RoslynAnalysisRunner will not be running.
RoslynAnalysisRunner has terminated.
Mono: successfully reloaded assembly
- Completed reload, in  0.629 seconds
Platform modules already initialized, skipping
Refreshing native plugins compatible for Editor in 0.30 ms, found 0 plugins.
Preloading 0 native plugins for Editor in 0.00 ms.
Unloading 1395 Unused Serialized files (Serialized files now loaded: 0)
System memory in use before: 67.1 MB.
System memory in use after: 67.2 MB.

Unloading 4 unused Assets to reduce memory usage. Loaded Objects now: 1855.
Total: 1.570200 ms (FindLiveObjects: 0.162000 ms CreateObjectMapping: 0.023700 ms MarkObjects: 1.370500 ms  DeleteObjects: 0.012700 ms)

========================================================================
Received Prepare
Registering precompiled user dll's ...
Registered in 0.000687 seconds.
Begin MonoManager ReloadAssembly
Native extension for WindowsStandalone target not found
Refreshing native plugins compatible for Editor in 0.26 ms, found 0 plugins.
Preloading 0 native plugins for Editor in 0.00 ms.
Invoked RoslynAnalysisRunner static constructor.
RoslynAnalysisRunner will not be running.
RoslynAnalysisRunner has terminated.
Mono: successfully reloaded assembly
- Completed reload, in  0.677 seconds
Platform modules already initialized, skipping
Refreshing native plugins compatible for Editor in 0.21 ms, found 0 plugins.
Preloading 0 native plugins for Editor in 0.00 ms.
Unloading 1395 Unused Serialized files (Serialized files now loaded: 0)
System memory in use before: 67.1 MB.
System memory in use after: 67.2 MB.

Unloading 4 unused Assets to reduce memory usage. Loaded Objects now: 1857.
Total: 1.899300 ms (FindLiveObjects: 0.145900 ms CreateObjectMapping: 0.051900 ms MarkObjects: 1.681600 ms  DeleteObjects: 0.019000 ms)

========================================================================
Received Prepare
Registering precompiled user dll's ...
Registered in 0.000427 seconds.
Begin MonoManager ReloadAssembly
Native extension for WindowsStandalone target not found
Refreshing native plugins compatible for Editor in 0.24 ms, found 0 plugins.
Preloading 0 native plugins for Editor in 0.00 ms.
Invoked RoslynAnalysisRunner static constructor.
RoslynAnalysisRunner will not be running.
RoslynAnalysisRunner has terminated.
Mono: successfully reloaded assembly
- Completed reload, in  0.572 seconds
Platform modules already initialized, skipping
Refreshing native plugins compatible for Editor in 0.23 ms, found 0 plugins.
Preloading 0 native plugins for Editor in 0.00 ms.
Unloading 1396 Unused Serialized files (Serialized files now loaded: 0)
System memory in use before: 67.1 MB.
System memory in use after: 67.2 MB.

Unloading 4 unused Assets to reduce memory usage. Loaded Objects now: 1860.
Total: 1.616200 ms (FindLiveObjects: 0.131300 ms CreateObjectMapping: 0.027500 ms MarkObjects: 1.439000 ms  DeleteObjects: 0.016700 ms)

========================================================================
Received Prepare
Registering precompiled user dll's ...
Registered in 0.000398 seconds.
Begin MonoManager ReloadAssembly
Native extension for WindowsStandalone target not found
Refreshing native plugins compatible for Editor in 0.24 ms, found 0 plugins.
Preloading 0 native plugins for Editor in 0.00 ms.
Invoked RoslynAnalysisRunner static constructor.
RoslynAnalysisRunner will not be running.
RoslynAnalysisRunner has terminated.
Mono: successfully reloaded assembly
- Completed reload, in  0.556 seconds
Platform modules already initialized, skipping
Refreshing native plugins compatible for Editor in 0.21 ms, found 0 plugins.
Preloading 0 native plugins for Editor in 0.00 ms.
Unloading 1396 Unused Serialized files (Serialized files now loaded: 0)
System memory in use before: 67.1 MB.
System memory in use after: 67.2 MB.

Unloading 4 unused Assets to reduce memory usage. Loaded Objects now: 1862.
Total: 1.434900 ms (FindLiveObjects: 0.115100 ms CreateObjectMapping: 0.035200 ms MarkObjects: 1.272300 ms  DeleteObjects: 0.011500 ms)

========================================================================
Received Import Request.
  Time since last request: 926.940048 seconds.
  path: Assets/Scripts/CameraController.cs
  artifactKey: Guid(8a0542fcc64c4ad45a9f68fc147ade15) Importer(815301076,1909f56bfc062723c751e8b465ee728b)
Start importing Assets/Scripts/CameraController.cs using Guid(8a0542fcc64c4ad45a9f68fc147ade15) Importer(815301076,1909f56bfc062723c751e8b465ee728b)  -> (artifact id: 'ae61ffb910e94e0d9dc51d76a3b61d7d') in 0.012634 seconds
  Import took 0.015283 seconds .

========================================================================
Received Prepare
Registering precompiled user dll's ...
Registered in 0.000703 seconds.
Begin MonoManager ReloadAssembly
Native extension for WindowsStandalone target not found
Refreshing native plugins compatible for Editor in 0.22 ms, found 0 plugins.
Preloading 0 native plugins for Editor in 0.00 ms.
Invoked RoslynAnalysisRunner static constructor.
RoslynAnalysisRunner will not be running.
RoslynAnalysisRunner has terminated.
Mono: successfully reloaded assembly
- Completed reload, in  0.618 seconds
Platform modules already initialized, skipping
Refreshing native plugins compatible for Editor in 0.27 ms, found 0 plugins.
Preloading 0 native plugins for Editor in 0.00 ms.
Unloading 1396 Unused Serialized files (Serialized files now loaded: 0)
System memory in use before: 67.1 MB.
System memory in use after: 67.2 MB.

Unloading 4 unused Assets to reduce memory usage. Loaded Objects now: 1864.
Total: 2.249500 ms (FindLiveObjects: 0.289500 ms CreateObjectMapping: 0.040900 ms MarkObjects: 1.902200 ms  DeleteObjects: 0.015600 ms)

========================================================================
Received Import Request.
  Time since last request: 169.952349 seconds.
  path: Assets/Scripts/CameraController.cs
  artifactKey: Guid(8a0542fcc64c4ad45a9f68fc147ade15) Importer(815301076,1909f56bfc062723c751e8b465ee728b)
Start importing Assets/Scripts/CameraController.cs using Guid(8a0542fcc64c4ad45a9f68fc147ade15) Importer(815301076,1909f56bfc062723c751e8b465ee728b)  -> (artifact id: '70a43d1d01aad608610819711507c2be') in 0.011477 seconds
  Import took 0.013201 seconds .

========================================================================
Received Prepare
Registering precompiled user dll's ...
Registered in 0.000405 seconds.
Begin MonoManager ReloadAssembly
Native extension for WindowsStandalone target not found
Refreshing native plugins compatible for Editor in 0.23 ms, found 0 plugins.
Preloading 0 native plugins for Editor in 0.00 ms.
Invoked RoslynAnalysisRunner static constructor.
RoslynAnalysisRunner will not be running.
RoslynAnalysisRunner has terminated.
Mono: successfully reloaded assembly
- Completed reload, in  0.536 seconds
Platform modules already initialized, skipping
Refreshing native plugins compatible for Editor in 0.21 ms, found 0 plugins.
Preloading 0 native plugins for Editor in 0.00 ms.
Unloading 1396 Unused Serialized files (Serialized files now loaded: 0)
System memory in use before: 67.1 MB.
System memory in use after: 67.3 MB.

Unloading 4 unused Assets to reduce memory usage. Loaded Objects now: 1866.
Total: 1.551800 ms (FindLiveObjects: 0.161000 ms CreateObjectMapping: 0.029700 ms MarkObjects: 1.346700 ms  DeleteObjects: 0.013000 ms)

========================================================================
Received Import Request.
  Time since last request: 780.104834 seconds.
  path: Assets/Materials/Walls.mat
  artifactKey: Guid(5ff8abcaf14e585458de67463932069a) Importer(815301076,1909f56bfc062723c751e8b465ee728b)
Start importing Assets/Materials/Walls.mat using Guid(5ff8abcaf14e585458de67463932069a) Importer(815301076,1909f56bfc062723c751e8b465ee728b)  -> (artifact id: 'da4f04e59b10e2ed59cd5d5327b44168') in 0.090004 seconds
  Import took 0.093334 seconds .

========================================================================
Received Import Request.
  Time since last request: 173.688546 seconds.
  path: Assets/Materials/Walls.mat
  artifactKey: Guid(5ff8abcaf14e585458de67463932069a) Importer(815301076,1909f56bfc062723c751e8b465ee728b)
Start importing Assets/Materials/Walls.mat using Guid(5ff8abcaf14e585458de67463932069a) Importer(815301076,1909f56bfc062723c751e8b465ee728b)  -> (artifact id: 'efa6840cebb220c69311dd2c9cf783cd') in 0.016990 seconds
  Import took 0.019810 seconds .

========================================================================
Received Prepare
Registering precompiled user dll's ...
Registered in 0.000405 seconds.
Begin MonoManager ReloadAssembly
Native extension for WindowsStandalone target not found
Refreshing native plugins compatible for Editor in 0.22 ms, found 0 plugins.
Preloading 0 native plugins for Editor in 0.00 ms.
Invoked RoslynAnalysisRunner static constructor.
RoslynAnalysisRunner will not be running.
RoslynAnalysisRunner has terminated.
Mono: successfully reloaded assembly
- Completed reload, in  0.550 seconds
Platform modules already initialized, skipping
Refreshing native plugins compatible for Editor in 0.20 ms, found 0 plugins.
Preloading 0 native plugins for Editor in 0.00 ms.
Unloading 1396 Unused Serialized files (Serialized files now loaded: 0)
System memory in use before: 70.5 MB.
System memory in use after: 70.6 MB.

Unloading 4 unused Assets to reduce memory usage. Loaded Objects now: 1908.
Total: 1.510000 ms (FindLiveObjects: 0.104900 ms CreateObjectMapping: 0.023500 ms MarkObjects: 1.366400 ms  DeleteObjects: 0.010700 ms)

========================================================================
Received Prepare
Registering precompiled user dll's ...
Registered in 0.000390 seconds.
Begin MonoManager ReloadAssembly
Native extension for WindowsStandalone target not found
Refreshing native plugins compatible for Editor in 0.25 ms, found 0 plugins.
Preloading 0 native plugins for Editor in 0.00 ms.
Invoked RoslynAnalysisRunner static constructor.
RoslynAnalysisRunner will not be running.
RoslynAnalysisRunner has terminated.
Mono: successfully reloaded assembly
- Completed reload, in  0.530 seconds
Platform modules already initialized, skipping
Refreshing native plugins compatible for Editor in 0.21 ms, found 0 plugins.
Preloading 0 native plugins for Editor in 0.00 ms.
Unloading 1397 Unused Serialized files (Serialized files now loaded: 0)
System memory in use before: 70.5 MB.
System memory in use after: 70.6 MB.

Unloading 4 unused Assets to reduce memory usage. Loaded Objects now: 1911.
Total: 1.531400 ms (FindLiveObjects: 0.110900 ms CreateObjectMapping: 0.021800 ms MarkObjects: 1.387000 ms  DeleteObjects: 0.011000 ms)

========================================================================
Received Prepare
Registering precompiled user dll's ...
Registered in 0.000389 seconds.
Begin MonoManager ReloadAssembly
Native extension for WindowsStandalone target not found
Refreshing native plugins compatible for Editor in 0.22 ms, found 0 plugins.
Preloading 0 native plugins for Editor in 0.00 ms.
Invoked RoslynAnalysisRunner static constructor.
RoslynAnalysisRunner will not be running.
RoslynAnalysisRunner has terminated.
Mono: successfully reloaded assembly
- Completed reload, in  0.543 seconds
Platform modules already initialized, skipping
Refreshing native plugins compatible for Editor in 0.24 ms, found 0 plugins.
Preloading 0 native plugins for Editor in 0.00 ms.
Unloading 1397 Unused Serialized files (Serialized files now loaded: 0)
System memory in use before: 70.5 MB.
System memory in use after: 70.6 MB.

Unloading 4 unused Assets to reduce memory usage. Loaded Objects now: 1913.
Total: 1.638000 ms (FindLiveObjects: 0.135400 ms CreateObjectMapping: 0.023800 ms MarkObjects: 1.465600 ms  DeleteObjects: 0.012400 ms)

========================================================================
Received Import Request.
  Time since last request: 196.809415 seconds.
  path: Assets/Scripts/Rotator.cs
  artifactKey: Guid(8f2694cfea61e184aaf78ae0fd4d53fd) Importer(815301076,1909f56bfc062723c751e8b465ee728b)
Start importing Assets/Scripts/Rotator.cs using Guid(8f2694cfea61e184aaf78ae0fd4d53fd) Importer(815301076,1909f56bfc062723c751e8b465ee728b)  -> (artifact id: 'b8afa97609707d598bd88b6e92d55377') in 0.011011 seconds
  Import took 0.013586 seconds .

========================================================================
Received Prepare
Registering precompiled user dll's ...
Registered in 0.000459 seconds.
Begin MonoManager ReloadAssembly
Native extension for WindowsStandalone target not found
Refreshing native plugins compatible for Editor in 0.32 ms, found 0 plugins.
Preloading 0 native plugins for Editor in 0.00 ms.
Invoked RoslynAnalysisRunner static constructor.
RoslynAnalysisRunner will not be running.
RoslynAnalysisRunner has terminated.
Mono: successfully reloaded assembly
- Completed reload, in  0.623 seconds
Platform modules already initialized, skipping
Refreshing native plugins compatible for Editor in 0.21 ms, found 0 plugins.
Preloading 0 native plugins for Editor in 0.00 ms.
Unloading 1397 Unused Serialized files (Serialized files now loaded: 0)
System memory in use before: 70.5 MB.
System memory in use after: 70.6 MB.

Unloading 4 unused Assets to reduce memory usage. Loaded Objects now: 1915.
Total: 3.680700 ms (FindLiveObjects: 0.109600 ms CreateObjectMapping: 0.023800 ms MarkObjects: 3.492200 ms  DeleteObjects: 0.052000 ms)

========================================================================
Received Import Request.
  Time since last request: 132.896262 seconds.
  path: Assets/Scripts/Rotator.cs
  artifactKey: Guid(8f2694cfea61e184aaf78ae0fd4d53fd) Importer(815301076,1909f56bfc062723c751e8b465ee728b)
Start importing Assets/Scripts/Rotator.cs using Guid(8f2694cfea61e184aaf78ae0fd4d53fd) Importer(815301076,1909f56bfc062723c751e8b465ee728b)  -> (artifact id: 'da41add4e19591bd8f1000a431f38a3a') in 0.015110 seconds
  Import took 0.020314 seconds .

========================================================================
Received Import Request.
  Time since last request: 0.744982 seconds.
  path: Assets/Scripts/Rotator.cs
  artifactKey: Guid(8f2694cfea61e184aaf78ae0fd4d53fd) Importer(815301076,1909f56bfc062723c751e8b465ee728b)
Start importing Assets/Scripts/Rotator.cs using Guid(8f2694cfea61e184aaf78ae0fd4d53fd) Importer(815301076,1909f56bfc062723c751e8b465ee728b)  -> (artifact id: 'da41add4e19591bd8f1000a431f38a3a') in 0.009013 seconds
  Import took 0.013957 seconds .

========================================================================
Received Prepare
Registering precompiled user dll's ...
Registered in 0.000491 seconds.
Begin MonoManager ReloadAssembly
Native extension for WindowsStandalone target not found
Refreshing native plugins compatible for Editor in 0.22 ms, found 0 plugins.
Preloading 0 native plugins for Editor in 0.00 ms.
Invoked RoslynAnalysisRunner static constructor.
RoslynAnalysisRunner will not be running.
RoslynAnalysisRunner has terminated.
Mono: successfully reloaded assembly
- Completed reload, in  0.549 seconds
Platform modules already initialized, skipping
Refreshing native plugins compatible for Editor in 0.21 ms, found 0 plugins.
Preloading 0 native plugins for Editor in 0.00 ms.
Unloading 1397 Unused Serialized files (Serialized files now loaded: 0)
System memory in use before: 70.5 MB.
System memory in use after: 70.6 MB.

Unloading 4 unused Assets to reduce memory usage. Loaded Objects now: 1917.
Total: 1.373400 ms (FindLiveObjects: 0.114500 ms CreateObjectMapping: 0.024300 ms MarkObjects: 1.221400 ms  DeleteObjects: 0.012300 ms)

========================================================================
Received Import Request.
  Time since last request: 70.555520 seconds.
  path: Assets/Prefabs
  artifactKey: Guid(329d5e12a43befe4aa8fd5d0d6b98bd0) Importer(815301076,1909f56bfc062723c751e8b465ee728b)
Start importing Assets/Prefabs using Guid(329d5e12a43befe4aa8fd5d0d6b98bd0) Importer(815301076,1909f56bfc062723c751e8b465ee728b)  -> (artifact id: '147dc5b0ce671318d21cdaaff854115b') in 0.013428 seconds
  Import took 0.015846 seconds .

========================================================================
Received Import Request.
  Time since last request: 20.835235 seconds.
  path: Assets/Prefabs/PickUp.prefab
  artifactKey: Guid(645ee5047b9c64b4c90a35b34cfa58e8) Importer(815301076,1909f56bfc062723c751e8b465ee728b)
Start importing Assets/Prefabs/PickUp.prefab using Guid(645ee5047b9c64b4c90a35b34cfa58e8) Importer(815301076,1909f56bfc062723c751e8b465ee728b)  -> (artifact id: 'cbb50c698f9923e3cd45418e8a3b0189') in 0.056264 seconds
  Import took 0.059009 seconds .

========================================================================
Received Import Request.
  Time since last request: 668.543214 seconds.
  path: Assets/Scripts/PlayerController.cs
  artifactKey: Guid(d9b2825a868012249acbbee013a7ecf6) Importer(815301076,1909f56bfc062723c751e8b465ee728b)
Start importing Assets/Scripts/PlayerController.cs using Guid(d9b2825a868012249acbbee013a7ecf6) Importer(815301076,1909f56bfc062723c751e8b465ee728b)  -> (artifact id: 'bc6cd7f1d4e7758805c9df55ea8e46b0') in 0.008119 seconds
  Import took 0.010708 seconds .

========================================================================
Received Prepare
Registering precompiled user dll's ...
Registered in 0.000545 seconds.
Begin MonoManager ReloadAssembly
Native extension for WindowsStandalone target not found
Refreshing native plugins compatible for Editor in 0.41 ms, found 0 plugins.
Preloading 0 native plugins for Editor in 0.00 ms.
Invoked RoslynAnalysisRunner static constructor.
RoslynAnalysisRunner will not be running.
RoslynAnalysisRunner has terminated.
Mono: successfully reloaded assembly
- Completed reload, in  0.622 seconds
Platform modules already initialized, skipping
Refreshing native plugins compatible for Editor in 0.20 ms, found 0 plugins.
Preloading 0 native plugins for Editor in 0.00 ms.
Unloading 1397 Unused Serialized files (Serialized files now loaded: 0)
System memory in use before: 70.5 MB.
System memory in use after: 70.7 MB.

Unloading 4 unused Assets to reduce memory usage. Loaded Objects now: 1921.
Total: 2.021900 ms (FindLiveObjects: 0.126900 ms CreateObjectMapping: 0.028200 ms MarkObjects: 1.841700 ms  DeleteObjects: 0.023900 ms)

========================================================================
Received Import Request.
  Time since last request: 121.056012 seconds.
  path: Assets/Scripts/PlayerController.cs
  artifactKey: Guid(d9b2825a868012249acbbee013a7ecf6) Importer(815301076,1909f56bfc062723c751e8b465ee728b)
Start importing Assets/Scripts/PlayerController.cs using Guid(d9b2825a868012249acbbee013a7ecf6) Importer(815301076,1909f56bfc062723c751e8b465ee728b)  -> (artifact id: '873fd8358c39e6c702b5567b20c54d52') in 0.006137 seconds
  Import took 0.008001 seconds .

========================================================================
Received Import Request.
  Time since last request: 19.065429 seconds.
  path: ProjectSettings/TagManager.asset
  artifactKey: Guid(00000000000000003000000000000000) Importer(815301076,1909f56bfc062723c751e8b465ee728b)
Start importing ProjectSettings/TagManager.asset using Guid(00000000000000003000000000000000) Importer(815301076,1909f56bfc062723c751e8b465ee728b)  -> (artifact id: 'd7fc6db537de490c66388a0e179d6586') in 0.018456 seconds
  Import took 0.020701 seconds .

========================================================================
Received Import Request.
  Time since last request: 0.000375 seconds.
  path: ProjectSettings/TagManager.asset
  artifactKey: Guid(00000000000000003000000000000000) Importer(815301076,1909f56bfc062723c751e8b465ee728b)
Start importing ProjectSettings/TagManager.asset using Guid(00000000000000003000000000000000) Importer(815301076,1909f56bfc062723c751e8b465ee728b)  -> (artifact id: 'd7fc6db537de490c66388a0e179d6586') in 0.004424 seconds
  Import took 0.006400 seconds .

========================================================================
Received Import Request.
  Time since last request: 25.594591 seconds.
  path: Assets/Prefabs/PickUp.prefab
  artifactKey: Guid(645ee5047b9c64b4c90a35b34cfa58e8) Importer(815301076,1909f56bfc062723c751e8b465ee728b)
Start importing Assets/Prefabs/PickUp.prefab using Guid(645ee5047b9c64b4c90a35b34cfa58e8) Importer(815301076,1909f56bfc062723c751e8b465ee728b)  -> (artifact id: '9a3fe37c4ea5d74db8c081fb71d07d12') in 0.039479 seconds
  Import took 0.042115 seconds .

========================================================================
Received Prepare
Registering precompiled user dll's ...
Registered in 0.000505 seconds.
Begin MonoManager ReloadAssembly
Native extension for WindowsStandalone target not found
Refreshing native plugins compatible for Editor in 0.22 ms, found 0 plugins.
Preloading 0 native plugins for Editor in 0.00 ms.
Invoked RoslynAnalysisRunner static constructor.
RoslynAnalysisRunner will not be running.
RoslynAnalysisRunner has terminated.
Mono: successfully reloaded assembly
- Completed reload, in  0.616 seconds
Platform modules already initialized, skipping
Refreshing native plugins compatible for Editor in 0.21 ms, found 0 plugins.
Preloading 0 native plugins for Editor in 0.00 ms.
Unloading 1397 Unused Serialized files (Serialized files now loaded: 0)
System memory in use before: 70.6 MB.
System memory in use after: 70.7 MB.

Unloading 6 unused Assets to reduce memory usage. Loaded Objects now: 1924.
Total: 1.545300 ms (FindLiveObjects: 0.131400 ms CreateObjectMapping: 0.024300 ms MarkObjects: 1.375000 ms  DeleteObjects: 0.013800 ms)

========================================================================
Received Prepare
Registering precompiled user dll's ...
Registered in 0.000528 seconds.
Begin MonoManager ReloadAssembly
Native extension for WindowsStandalone target not found
Refreshing native plugins compatible for Editor in 0.22 ms, found 0 plugins.
Preloading 0 native plugins for Editor in 0.00 ms.
Invoked RoslynAnalysisRunner static constructor.
RoslynAnalysisRunner will not be running.
RoslynAnalysisRunner has terminated.
Mono: successfully reloaded assembly
- Completed reload, in  0.624 seconds
Platform modules already initialized, skipping
Refreshing native plugins compatible for Editor in 0.22 ms, found 0 plugins.
Preloading 0 native plugins for Editor in 0.00 ms.
Unloading 1397 Unused Serialized files (Serialized files now loaded: 0)
System memory in use before: 70.6 MB.
System memory in use after: 70.7 MB.

Unloading 4 unused Assets to reduce memory usage. Loaded Objects now: 1926.
Total: 1.419200 ms (FindLiveObjects: 0.100700 ms CreateObjectMapping: 0.023800 ms MarkObjects: 1.281500 ms  DeleteObjects: 0.012400 ms)

========================================================================
Received Import Request.
  Time since last request: 196.768284 seconds.
  path: Assets/Prefabs/PickUp.prefab
  artifactKey: Guid(645ee5047b9c64b4c90a35b34cfa58e8) Importer(815301076,1909f56bfc062723c751e8b465ee728b)
Start importing Assets/Prefabs/PickUp.prefab using Guid(645ee5047b9c64b4c90a35b34cfa58e8) Importer(815301076,1909f56bfc062723c751e8b465ee728b)  -> (artifact id: '0f1ae18bebe489d53d0a70f104c320e7') in 0.045064 seconds
  Import took 0.047315 seconds .

========================================================================
Received Prepare
Registering precompiled user dll's ...
Registered in 0.000502 seconds.
Begin MonoManager ReloadAssembly
Native extension for WindowsStandalone target not found
Refreshing native plugins compatible for Editor in 0.22 ms, found 0 plugins.
Preloading 0 native plugins for Editor in 0.00 ms.
Invoked RoslynAnalysisRunner static constructor.
RoslynAnalysisRunner will not be running.
RoslynAnalysisRunner has terminated.
Mono: successfully reloaded assembly
- Completed reload, in  0.502 seconds
Platform modules already initialized, skipping
Refreshing native plugins compatible for Editor in 0.18 ms, found 0 plugins.
Preloading 0 native plugins for Editor in 0.00 ms.
Unloading 1397 Unused Serialized files (Serialized files now loaded: 0)
System memory in use before: 70.6 MB.
System memory in use after: 70.7 MB.

Unloading 4 unused Assets to reduce memory usage. Loaded Objects now: 1929.
Total: 1.527400 ms (FindLiveObjects: 0.096700 ms CreateObjectMapping: 0.024100 ms MarkObjects: 1.378600 ms  DeleteObjects: 0.026900 ms)

========================================================================
Received Import Request.
  Time since last request: 59.404205 seconds.
  path: Assets/Prefabs/PickUp.prefab
  artifactKey: Guid(645ee5047b9c64b4c90a35b34cfa58e8) Importer(815301076,1909f56bfc062723c751e8b465ee728b)
Start importing Assets/Prefabs/PickUp.prefab using Guid(645ee5047b9c64b4c90a35b34cfa58e8) Importer(815301076,1909f56bfc062723c751e8b465ee728b)  -> (artifact id: '2982e3fded42c52dd56e095560792608') in 0.039891 seconds
  Import took 0.042296 seconds .

========================================================================
Received Import Request.
  Time since last request: 0.000257 seconds.
  path: Assets/Prefabs/PickUp.prefab
  artifactKey: Guid(645ee5047b9c64b4c90a35b34cfa58e8) Importer(815301076,1909f56bfc062723c751e8b465ee728b)
Start importing Assets/Prefabs/PickUp.prefab using Guid(645ee5047b9c64b4c90a35b34cfa58e8) Importer(815301076,1909f56bfc062723c751e8b465ee728b)  -> (artifact id: '2982e3fded42c52dd56e095560792608') in 0.011632 seconds
  Import took 0.013806 seconds .

========================================================================
Received Import Request.
  Time since last request: 20.632506 seconds.
  path: Assets/Prefabs/PickUp.prefab
  artifactKey: Guid(645ee5047b9c64b4c90a35b34cfa58e8) Importer(815301076,1909f56bfc062723c751e8b465ee728b)
Start importing Assets/Prefabs/PickUp.prefab using Guid(645ee5047b9c64b4c90a35b34cfa58e8) Importer(815301076,1909f56bfc062723c751e8b465ee728b)  -> (artifact id: '622c520479722ba2431218629b602b80') in 0.010178 seconds
  Import took 0.012331 seconds .

========================================================================
Received Import Request.
  Time since last request: 0.010929 seconds.
  path: Assets/Prefabs/PickUp.prefab
  artifactKey: Guid(645ee5047b9c64b4c90a35b34cfa58e8) Importer(815301076,1909f56bfc062723c751e8b465ee728b)
Start importing Assets/Prefabs/PickUp.prefab using Guid(645ee5047b9c64b4c90a35b34cfa58e8) Importer(815301076,1909f56bfc062723c751e8b465ee728b)  -> (artifact id: '622c520479722ba2431218629b602b80') in 0.009980 seconds
  Import took 0.012179 seconds .

========================================================================
Received Import Request.
  Time since last request: 12.663257 seconds.
  path: Assets/Prefabs/PickUp.prefab
  artifactKey: Guid(645ee5047b9c64b4c90a35b34cfa58e8) Importer(815301076,1909f56bfc062723c751e8b465ee728b)
Start importing Assets/Prefabs/PickUp.prefab using Guid(645ee5047b9c64b4c90a35b34cfa58e8) Importer(815301076,1909f56bfc062723c751e8b465ee728b)  -> (artifact id: 'a94e7fd72d69ce0403c314c7e7c3c24b') in 0.011068 seconds
  Import took 0.013234 seconds .

========================================================================
Received Import Request.
  Time since last request: 0.007523 seconds.
  path: Assets/Prefabs/PickUp.prefab
  artifactKey: Guid(645ee5047b9c64b4c90a35b34cfa58e8) Importer(815301076,1909f56bfc062723c751e8b465ee728b)
Start importing Assets/Prefabs/PickUp.prefab using Guid(645ee5047b9c64b4c90a35b34cfa58e8) Importer(815301076,1909f56bfc062723c751e8b465ee728b)  -> (artifact id: 'a94e7fd72d69ce0403c314c7e7c3c24b') in 0.009968 seconds
  Import took 0.012203 seconds .

========================================================================
Received Prepare
Registering precompiled user dll's ...
Registered in 0.000521 seconds.
Begin MonoManager ReloadAssembly
Native extension for WindowsStandalone target not found
Refreshing native plugins compatible for Editor in 0.22 ms, found 0 plugins.
Preloading 0 native plugins for Editor in 0.00 ms.
Invoked RoslynAnalysisRunner static constructor.
RoslynAnalysisRunner will not be running.
RoslynAnalysisRunner has terminated.
Mono: successfully reloaded assembly
- Completed reload, in  0.632 seconds
Platform modules already initialized, skipping
Refreshing native plugins compatible for Editor in 0.21 ms, found 0 plugins.
Preloading 0 native plugins for Editor in 0.00 ms.
Unloading 1397 Unused Serialized files (Serialized files now loaded: 0)
System memory in use before: 70.6 MB.
System memory in use after: 70.7 MB.

Unloading 4 unused Assets to reduce memory usage. Loaded Objects now: 1932.
Total: 1.671000 ms (FindLiveObjects: 0.150100 ms CreateObjectMapping: 0.030900 ms MarkObjects: 1.464700 ms  DeleteObjects: 0.024500 ms)

========================================================================
Received Prepare
Registering precompiled user dll's ...
Registered in 0.000702 seconds.
Begin MonoManager ReloadAssembly
Native extension for WindowsStandalone target not found
Refreshing native plugins compatible for Editor in 0.25 ms, found 0 plugins.
Preloading 0 native plugins for Editor in 0.00 ms.
Invoked RoslynAnalysisRunner static constructor.
RoslynAnalysisRunner will not be running.
RoslynAnalysisRunner has terminated.
Mono: successfully reloaded assembly
- Completed reload, in  0.610 seconds
Platform modules already initialized, skipping
Refreshing native plugins compatible for Editor in 0.33 ms, found 0 plugins.
Preloading 0 native plugins for Editor in 0.00 ms.
Unloading 1410 Unused Serialized files (Serialized files now loaded: 0)
System memory in use before: 72.4 MB.
System memory in use after: 71.9 MB.

Unloading 17 unused Assets to reduce memory usage. Loaded Objects now: 1934.
Total: 2.123700 ms (FindLiveObjects: 0.183200 ms CreateObjectMapping: 0.042200 ms MarkObjects: 1.620600 ms  DeleteObjects: 0.276100 ms)

========================================================================
Received Prepare
Registering precompiled user dll's ...
Registered in 0.000371 seconds.
Begin MonoManager ReloadAssembly
Native extension for WindowsStandalone target not found
Refreshing native plugins compatible for Editor in 0.22 ms, found 0 plugins.
Preloading 0 native plugins for Editor in 0.00 ms.
Invoked RoslynAnalysisRunner static constructor.
RoslynAnalysisRunner will not be running.
RoslynAnalysisRunner has terminated.
Mono: successfully reloaded assembly
- Completed reload, in  0.523 seconds
Platform modules already initialized, skipping
Refreshing native plugins compatible for Editor in 0.21 ms, found 0 plugins.
Preloading 0 native plugins for Editor in 0.00 ms.
Unloading 1410 Unused Serialized files (Serialized files now loaded: 0)
System memory in use before: 72.4 MB.
System memory in use after: 71.9 MB.

Unloading 17 unused Assets to reduce memory usage. Loaded Objects now: 1936.
Total: 1.653000 ms (FindLiveObjects: 0.112900 ms CreateObjectMapping: 0.024400 ms MarkObjects: 1.262100 ms  DeleteObjects: 0.252500 ms)

========================================================================
Received Prepare
Refreshing native plugins compatible for Editor in 0.70 ms, found 0 plugins.
Preloading 0 native plugins for Editor in 0.00 ms.
Unloading 15 Unused Serialized files (Serialized files now loaded: 0)
System memory in use before: 44.8 MB.
System memory in use after: 44.3 MB.

Unloading 15 unused Assets to reduce memory usage. Loaded Objects now: 1936.
Total: 2.740400 ms (FindLiveObjects: 0.196500 ms CreateObjectMapping: 0.051600 ms MarkObjects: 2.178000 ms  DeleteObjects: 0.313000 ms)

AssetImportWorkerClient::OnTransportError - code=2 error=End of file
